NM ANALYSIS LOG FILE
====================
Init date:			15-Jun-2025 11:43:31
By user:			emba
OS Type:			Linux
OS Version:			6.8.0-60-generic
OS Architecture:	amd64
MATLAB version:		9.14.0.2489007 (R2023a) Update 6
NM version:			Version 1.3 | CURUFIN [MATLAB (R2023a)]
NM workspace ID:	739783_55154
Analysis ID:		HEADsync
Analysis root dir:	/media/emba/emba-2/ML_BOKI/BOKI_scripts/ML_BPD-ASD/SVM_classifier/NM_ID739783_55154_A5_HEADsync
Analysis description:
					default + PCA + scaling

Analysis overview:
==================
ANALYSIS OPERATES ON MODALITY #5MODALITY 5 : MATLAB matrix [HEADsync] 
*************************************** 
Preprocessing: 
	* Group processing mode: binary 
	* Step 1: Scale featurewise [ from -1 to 1 ], zero-out completely non-finite features 
	* Step 2: Prune non-informative columns from matrix [ Zero Var, Nan, Inf ] 
	* Step 3: Reduce dimensionality (PCA, [ dimensions: 0.8 ]) 
	* Step 4: Scale featurewise [ from -1 to 1 ], zero-out completely non-finite features 
--------------------------------------- 
Multi-group classification:
	* Enabled, Multi-group optimization, Error-correcting output codes (Hamming distance)
Machine Learning Method: 
	* LIBLINEAR, L2-regularized L2-loss SVC (dual), Tolerance: 0.01, No Kernel
No optimization of preprocessing parameters
ML Optimization: 11 parameter combinations
	(1) [ ML-Slack/Regularization parameter(s) => 11 Params: 0.015625 (first) -> 16 (last) ]
Cross-Validation: 
	* CV2: 10x10, CV1: 1x9



Logfile entry time: 18-Jun-2025 13:35:21
=========================================
* Logfile entry type: ERROR
* Error message:		Unable to perform assignment because the size of the left side is 68-by-56 and the size of the right side is 68-by-12.
* Error identify:		MATLAB:subsassigndimmismatch
* Error stack:
	 in /home/emba/Documents/MATLAB/NeuroMiner_1.3-main/nk_VisXWeight.m, name: nk_VisXWeight, line: 254.
	 in /home/emba/Documents/MATLAB/NeuroMiner_1.3-main/nk_VisModels.m, name: nk_VisModels, line: 731.
	 in /home/emba/Documents/MATLAB/NeuroMiner_1.3-main/nk_VisModelsPrep.m, name: VisModelsPrep, line: 393.
	 in /home/emba/Documents/MATLAB/NeuroMiner_1.3-main/nk_VisModelsPrep.m, name: nk_VisModelsPrep, line: 293.
	 in /home/emba/Documents/MATLAB/NeuroMiner_1.3-main/nm.m, name: nm_interface, line: 338.
	 in /home/emba/Documents/MATLAB/NeuroMiner_1.3-main/nm.m, name: nm, line: 90.