NM ANALYSIS LOG FILE
====================
Init date:			15-Jun-2025 12:00:17
By user:			emba
OS Type:			Linux
OS Version:			6.8.0-60-generic
OS Architecture:	amd64
MATLAB version:		9.14.0.2489007 (R2023a) Update 6
NM version:			Version 1.3 | CURUFIN [MATLAB (R2023a)]
NM workspace ID:	739783_55154
Analysis ID:		STACK
Analysis root dir:	/media/emba/emba-2/ML_BOKI/BOKI_scripts/ML_BPD-ASD/SVM_classifier/NM_ID739783_55154_A9_STACK
Analysis description:
					winsor + RBF + single node

Analysis overview:
==================
ANALYSIS OPERATES ON MODALITY #1MODALITY 1 : MATLAB matrix [BODYsync] 
*************************************** 
Preprocessing: 
	* Group processing mode: binary 
	* Step 1: standardization using median & winsorization at +/- 3, zero-out completely non-finite features 
--------------------------------------- 
Multi-group classification:
	* Enabled, Multi-group optimization, Error-correcting output codes (Hamming distance)
Machine Learning Method: 
	* LIBSVM 3.1.2 with instance weighting support, C-SVC (L1-loss), RBF (Gaussian)
No optimization of preprocessing parameters
ML Optimization: 110 parameter combinations
	(1) [ ML-Slack/Regularization parameter(s) => 11 Params: 0.015625 (first) -> 16 (last) ]
	(2) [ ML-RBF/Gaussian kernel parameter(s) => 10 Params: 3.05176e-05 (first) -> 8 (last) ]
Cross-Validation: 
	* CV2: 10x10, CV1: 1x9

